<?xml version="1.0" encoding="UTF-8"?>
<testng-results ignored="0" total="9" passed="9" failed="0" skipped="0">
  <reporter-output>
  </reporter-output>
  <suite started-at="2026-01-27T11:57:52 IST" name="Suite" finished-at="2026-01-27T11:58:08 IST" duration-ms="15298">
    <groups>
    </groups>
    <test started-at="2026-01-27T11:57:52 IST" name="HomePageTest" finished-at="2026-01-27T11:58:07 IST" duration-ms="15238">
      <class name="com.qa.opencart.tests.HomePageTest">
        <test-method is-config="true" signature="setUP()[pri:0, instance:com.qa.opencart.tests.HomePageTest@46cdf8bd]" started-at="2026-01-27T11:57:52 IST" name="setUP" finished-at="2026-01-27T11:58:06 IST" duration-ms="13647" status="PASS">
          <reporter-output>
          </reporter-output>
        </test-method> <!-- setUP -->
        <test-method signature="verifyHomePageTitle()[pri:1, instance:com.qa.opencart.tests.HomePageTest@46cdf8bd]" started-at="2026-01-27T11:58:06 IST" name="verifyHomePageTitle" finished-at="2026-01-27T11:58:06 IST" duration-ms="17" status="PASS">
          <reporter-output>
          </reporter-output>
        </test-method> <!-- verifyHomePageTitle -->
        <test-method signature="verifyHomePageURL()[pri:2, instance:com.qa.opencart.tests.HomePageTest@46cdf8bd]" started-at="2026-01-27T11:58:06 IST" name="verifyHomePageURL" finished-at="2026-01-27T11:58:06 IST" duration-ms="2" status="PASS">
          <reporter-output>
          </reporter-output>
        </test-method> <!-- verifyHomePageURL -->
        <test-method signature="verifySearchField(java.lang.String)[pri:3, instance:com.qa.opencart.tests.HomePageTest@46cdf8bd]" started-at="2026-01-27T11:58:06 IST" name="verifySearchField" data-provider="getProductData" finished-at="2026-01-27T11:58:07 IST" duration-ms="562" status="PASS">
          <params>
            <param index="0">
              <value>
                <![CDATA[Macbook]]>
              </value>
            </param>
          </params>
          <reporter-output>
          </reporter-output>
        </test-method> <!-- verifySearchField -->
        <test-method signature="verifySearchField(java.lang.String)[pri:3, instance:com.qa.opencart.tests.HomePageTest@46cdf8bd]" started-at="2026-01-27T11:58:07 IST" name="verifySearchField" data-provider="getProductData" finished-at="2026-01-27T11:58:07 IST" duration-ms="471" status="PASS">
          <params>
            <param index="0">
              <value>
                <![CDATA[iMac]]>
              </value>
            </param>
          </params>
          <reporter-output>
          </reporter-output>
        </test-method> <!-- verifySearchField -->
        <test-method signature="verifySearchField(java.lang.String)[pri:3, instance:com.qa.opencart.tests.HomePageTest@46cdf8bd]" started-at="2026-01-27T11:58:07 IST" name="verifySearchField" data-provider="getProductData" finished-at="2026-01-27T11:58:07 IST" duration-ms="473" status="PASS">
          <params>
            <param index="0">
              <value>
                <![CDATA[Samsung]]>
              </value>
            </param>
          </params>
          <reporter-output>
          </reporter-output>
        </test-method> <!-- verifySearchField -->
      </class> <!-- com.qa.opencart.tests.HomePageTest -->
    </test> <!-- HomePageTest -->
    <test started-at="2026-01-27T11:57:52 IST" name="LoginPageTest" finished-at="2026-01-27T11:58:08 IST" duration-ms="15298">
      <class name="com.qa.opencart.tests.LoginPageTest">
        <test-method is-config="true" signature="setUP()[pri:0, instance:com.qa.opencart.tests.LoginPageTest@2cb4893b]" started-at="2026-01-27T11:57:52 IST" name="setUP" finished-at="2026-01-27T11:58:06 IST" duration-ms="13847" status="PASS">
          <reporter-output>
          </reporter-output>
        </test-method> <!-- setUP -->
        <test-method signature="navigateLoginTest()[pri:1, instance:com.qa.opencart.tests.LoginPageTest@2cb4893b]" started-at="2026-01-27T11:58:06 IST" name="navigateLoginTest" finished-at="2026-01-27T11:58:07 IST" duration-ms="750" status="PASS">
          <reporter-output>
          </reporter-output>
        </test-method> <!-- navigateLoginTest -->
        <test-method signature="verifyLoginPageTitle()[pri:2, instance:com.qa.opencart.tests.LoginPageTest@2cb4893b]" started-at="2026-01-27T11:58:07 IST" name="verifyLoginPageTitle" finished-at="2026-01-27T11:58:07 IST" duration-ms="26" status="PASS">
          <reporter-output>
          </reporter-output>
        </test-method> <!-- verifyLoginPageTitle -->
        <test-method signature="verifyLoginPageURL()[pri:3, instance:com.qa.opencart.tests.LoginPageTest@2cb4893b]" started-at="2026-01-27T11:58:07 IST" name="verifyLoginPageURL" finished-at="2026-01-27T11:58:07 IST" duration-ms="3" status="PASS">
          <reporter-output>
          </reporter-output>
        </test-method> <!-- verifyLoginPageURL -->
        <test-method signature="doLogin()[pri:4, instance:com.qa.opencart.tests.LoginPageTest@2cb4893b]" started-at="2026-01-27T11:58:07 IST" name="doLogin" finished-at="2026-01-27T11:58:08 IST" duration-ms="649" status="PASS">
          <reporter-output>
          </reporter-output>
        </test-method> <!-- doLogin -->
      </class> <!-- com.qa.opencart.tests.LoginPageTest -->
    </test> <!-- LoginPageTest -->
  </suite> <!-- Suite -->
</testng-results>
