<?xml version="1.0" encoding="UTF-8"?>
<!-- Generated by org.testng.reporters.JUnitXMLReporter -->
<testsuite ignored="0" hostname="DESKTOP-P2V21AO" failures="0" tests="4" name="Default test" time="13.006" errors="0" timestamp="2026-01-22T18:53:58 IST">
  <testcase classname="com.qa.opencart.tests.LoginPageTest" name="navigateLoginTest" time="0.334"/>
  <testcase classname="com.qa.opencart.tests.LoginPageTest" name="verifyLoginPageTitle" time="0.026"/>
  <testcase classname="com.qa.opencart.tests.LoginPageTest" name="verifyLoginPageURL" time="0.001"/>
  <testcase classname="com.qa.opencart.tests.LoginPageTest" name="doLogin" time="0.531"/>
</testsuite> <!-- Default test -->
