<?xml version="1.0" encoding="UTF-8"?>
<!-- Generated by org.testng.reporters.JUnitXMLReporter -->
<testsuite ignored="0" hostname="DESKTOP-P2V21AO" failures="0" tests="5" name="HomePageTest" time="11.528" errors="0" timestamp="2026-01-26T11:51:21 IST">
  <testcase classname="com.qa.opencart.tests.HomePageTest" name="verifyHomePageTitle" time="0.015"/>
  <testcase classname="com.qa.opencart.tests.HomePageTest" name="verifyHomePageURL" time="0.002"/>
  <testcase classname="com.qa.opencart.tests.HomePageTest" name="verifySearchField" time="0.566"/>
  <testcase classname="com.qa.opencart.tests.HomePageTest" name="verifySearchField" time="0.68"/>
  <testcase classname="com.qa.opencart.tests.HomePageTest" name="verifySearchField" time="0.445"/>
</testsuite> <!-- HomePageTest -->
