<?xml version="1.0" encoding="UTF-8"?>
<!-- Generated by org.testng.reporters.JUnitXMLReporter -->
<testsuite ignored="0" hostname="DESKTOP-P2V21AO" failures="0" tests="5" name="HomePageTest" time="13.622" errors="0" timestamp="2026-01-29T16:10:29 IST">
  <testcase classname="com.qa.opencart.tests.HomePageTest" name="verifyHomePageTitle" time="0.025"/>
  <testcase classname="com.qa.opencart.tests.HomePageTest" name="verifyHomePageURL" time="0.002"/>
  <testcase classname="com.qa.opencart.tests.HomePageTest" name="verifySearchField" time="0.438"/>
  <testcase classname="com.qa.opencart.tests.HomePageTest" name="verifySearchField" time="0.505"/>
  <testcase classname="com.qa.opencart.tests.HomePageTest" name="verifySearchField" time="0.434"/>
</testsuite> <!-- HomePageTest -->
