<?xml version="1.0" encoding="UTF-8"?>
<!-- Generated by org.testng.reporters.JUnitXMLReporter -->
<testsuite ignored="0" hostname="DESKTOP-P2V21AO" failures="0" tests="4" name="LoginPageTest" time="11.069" errors="0" timestamp="2026-01-26T11:51:20 IST">
  <testcase classname="com.qa.opencart.tests.LoginPageTest" name="navigateLoginTest" time="0.46"/>
  <testcase classname="com.qa.opencart.tests.LoginPageTest" name="verifyLoginPageTitle" time="0.034"/>
  <testcase classname="com.qa.opencart.tests.LoginPageTest" name="verifyLoginPageURL" time="0.004"/>
  <testcase classname="com.qa.opencart.tests.LoginPageTest" name="doLogin" time="0.687"/>
</testsuite> <!-- LoginPageTest -->
