<?xml version="1.0" encoding="UTF-8"?>
<!-- Generated by org.testng.reporters.JUnitXMLReporter -->
<testsuite ignored="0" hostname="DESKTOP-P2V21AO" failures="0" tests="4" name="LoginPageTest" time="12.918" errors="0" timestamp="2026-01-29T16:10:29 IST">
  <testcase classname="com.qa.opencart.tests.LoginPageTest" name="navigateLoginTest" time="0.878"/>
  <testcase classname="com.qa.opencart.tests.LoginPageTest" name="verifyLoginPageTitle" time="0.04"/>
  <testcase classname="com.qa.opencart.tests.LoginPageTest" name="verifyLoginPageURL" time="0.002"/>
  <testcase classname="com.qa.opencart.tests.LoginPageTest" name="doLogin" time="0.551"/>
</testsuite> <!-- LoginPageTest -->
