<?xml version="1.0" encoding="UTF-8"?>
<!-- Generated by org.testng.reporters.JUnitXMLReporter -->
<testsuite ignored="0" hostname="DESKTOP-P2V21AO" failures="0" tests="3" name="Test" time="16.434" errors="0" timestamp="2026-01-22T17:37:35 IST">
  <testcase classname="com.qa.opencart.tests.HomePageTest" name="verifyHomePageTitle" time="0.029"/>
  <testcase classname="com.qa.opencart.tests.HomePageTest" name="verifyHomePageURL" time="0.001"/>
  <testcase classname="com.qa.opencart.tests.HomePageTest" name="verifySearchField" time="0.48"/>
</testsuite> <!-- Test -->
