<?xml version="1.0" encoding="UTF-8"?>
<!-- Generated by org.testng.reporters.JUnitXMLReporter -->
<testsuite ignored="0" hostname="DESKTOP-P2V21AO" failures="0" tests="4" name="Test2" time="18.077" errors="0" timestamp="2026-01-22T17:37:37 IST">
  <testcase classname="com.qa.opencart.tests.LoginPageTest" name="navigateLoginTest" time="0.349"/>
  <testcase classname="com.qa.opencart.tests.LoginPageTest" name="verifyLoginPageTitle" time="0.017"/>
  <testcase classname="com.qa.opencart.tests.LoginPageTest" name="verifyLoginPageURL" time="0.001"/>
  <testcase classname="com.qa.opencart.tests.LoginPageTest" name="doLogin" time="0.445"/>
</testsuite> <!-- Test2 -->
