<?xml version="1.0" encoding="UTF-8"?>
<!-- Generated by org.testng.reporters.JUnitReportReporter -->
<testsuite hostname="DESKTOP-P2V21AO" failures="0" tests="5" name="com.qa.opencart.tests.HomePageTest" time="1.525" errors="0" timestamp="2026-01-27T11:58:08 IST" skipped="0">
  <testcase classname="com.qa.opencart.tests.HomePageTest" name="verifyHomePageTitle" time="0.017"/>
  <testcase classname="com.qa.opencart.tests.HomePageTest" name="verifyHomePageURL" time="0.002"/>
  <testcase classname="com.qa.opencart.tests.HomePageTest" name="verifySearchField" time="0.473"/>
  <testcase classname="com.qa.opencart.tests.HomePageTest" name="verifySearchField" time="0.471"/>
  <testcase classname="com.qa.opencart.tests.HomePageTest" name="verifySearchField" time="0.562"/>
</testsuite> <!-- com.qa.opencart.tests.HomePageTest -->
