<?xml version="1.0" encoding="UTF-8"?>
<!-- Generated by org.testng.reporters.JUnitReportReporter -->
<testsuite hostname="DESKTOP-P2V21AO" failures="0" tests="3" name="com.qa.irctctourism.tests.HomePageTest" time="0.499" errors="0" timestamp="2026-01-18T11:58:56 IST" skipped="0">
  <testcase classname="com.qa.irctctourism.tests.HomePageTest" name="verifyHomePageTitle" time="0.013"/>
  <testcase classname="com.qa.irctctourism.tests.HomePageTest" name="verifyHomePageURL" time="0.001"/>
  <testcase classname="com.qa.irctctourism.tests.HomePageTest" name="enterDestinationTest" time="0.485"/>
</testsuite> <!-- com.qa.irctctourism.tests.HomePageTest -->
