<?xml version="1.0" encoding="UTF-8"?>
<testng-results ignored="0" total="9" passed="9" failed="0" skipped="0">
  <reporter-output>
  </reporter-output>
  <suite started-at="2026-01-29T16:10:16 IST" name="Suite" finished-at="2026-01-29T16:10:29 IST" duration-ms="13622">
    <groups>
    </groups>
    <test started-at="2026-01-29T16:10:16 IST" name="LoginPageTest" finished-at="2026-01-29T16:10:29 IST" duration-ms="12918">
      <class name="com.qa.opencart.tests.LoginPageTest">
        <test-method is-config="true" signature="setUP()[pri:0, instance:com.qa.opencart.tests.LoginPageTest@5032714f]" started-at="2026-01-29T16:10:16 IST" name="setUP" finished-at="2026-01-29T16:10:27 IST" duration-ms="11089" status="PASS">
          <reporter-output>
          </reporter-output>
        </test-method> <!-- setUP -->
        <test-method signature="navigateLoginTest()[pri:1, instance:com.qa.opencart.tests.LoginPageTest@5032714f]" started-at="2026-01-29T16:10:27 IST" name="navigateLoginTest" finished-at="2026-01-29T16:10:28 IST" duration-ms="878" status="PASS">
          <reporter-output>
          </reporter-output>
        </test-method> <!-- navigateLoginTest -->
        <test-method signature="verifyLoginPageTitle()[pri:2, instance:com.qa.opencart.tests.LoginPageTest@5032714f]" started-at="2026-01-29T16:10:28 IST" name="verifyLoginPageTitle" finished-at="2026-01-29T16:10:28 IST" duration-ms="40" status="PASS">
          <reporter-output>
          </reporter-output>
        </test-method> <!-- verifyLoginPageTitle -->
        <test-method signature="verifyLoginPageURL()[pri:3, instance:com.qa.opencart.tests.LoginPageTest@5032714f]" started-at="2026-01-29T16:10:28 IST" name="verifyLoginPageURL" finished-at="2026-01-29T16:10:28 IST" duration-ms="2" status="PASS">
          <reporter-output>
          </reporter-output>
        </test-method> <!-- verifyLoginPageURL -->
        <test-method signature="doLogin()[pri:4, instance:com.qa.opencart.tests.LoginPageTest@5032714f]" started-at="2026-01-29T16:10:28 IST" name="doLogin" finished-at="2026-01-29T16:10:29 IST" duration-ms="551" status="PASS">
          <reporter-output>
          </reporter-output>
        </test-method> <!-- doLogin -->
      </class> <!-- com.qa.opencart.tests.LoginPageTest -->
    </test> <!-- LoginPageTest -->
    <test started-at="2026-01-29T16:10:16 IST" name="HomePageTest" finished-at="2026-01-29T16:10:29 IST" duration-ms="13622">
      <class name="com.qa.opencart.tests.HomePageTest">
        <test-method is-config="true" signature="setUP()[pri:0, instance:com.qa.opencart.tests.HomePageTest@11392934]" started-at="2026-01-29T16:10:16 IST" name="setUP" finished-at="2026-01-29T16:10:28 IST" duration-ms="11909" status="PASS">
          <reporter-output>
          </reporter-output>
        </test-method> <!-- setUP -->
        <test-method signature="verifyHomePageTitle()[pri:1, instance:com.qa.opencart.tests.HomePageTest@11392934]" started-at="2026-01-29T16:10:28 IST" name="verifyHomePageTitle" finished-at="2026-01-29T16:10:28 IST" duration-ms="25" status="PASS">
          <reporter-output>
          </reporter-output>
        </test-method> <!-- verifyHomePageTitle -->
        <test-method signature="verifyHomePageURL()[pri:2, instance:com.qa.opencart.tests.HomePageTest@11392934]" started-at="2026-01-29T16:10:28 IST" name="verifyHomePageURL" finished-at="2026-01-29T16:10:28 IST" duration-ms="2" status="PASS">
          <reporter-output>
          </reporter-output>
        </test-method> <!-- verifyHomePageURL -->
        <test-method signature="verifySearchField(java.lang.String)[pri:3, instance:com.qa.opencart.tests.HomePageTest@11392934]" started-at="2026-01-29T16:10:28 IST" name="verifySearchField" data-provider="getProductData" finished-at="2026-01-29T16:10:28 IST" duration-ms="438" status="PASS">
          <params>
            <param index="0">
              <value>
                <![CDATA[Macbook]]>
              </value>
            </param>
          </params>
          <reporter-output>
          </reporter-output>
        </test-method> <!-- verifySearchField -->
        <test-method signature="verifySearchField(java.lang.String)[pri:3, instance:com.qa.opencart.tests.HomePageTest@11392934]" started-at="2026-01-29T16:10:28 IST" name="verifySearchField" data-provider="getProductData" finished-at="2026-01-29T16:10:29 IST" duration-ms="505" status="PASS">
          <params>
            <param index="0">
              <value>
                <![CDATA[iMac]]>
              </value>
            </param>
          </params>
          <reporter-output>
          </reporter-output>
        </test-method> <!-- verifySearchField -->
        <test-method signature="verifySearchField(java.lang.String)[pri:3, instance:com.qa.opencart.tests.HomePageTest@11392934]" started-at="2026-01-29T16:10:29 IST" name="verifySearchField" data-provider="getProductData" finished-at="2026-01-29T16:10:29 IST" duration-ms="434" status="PASS">
          <params>
            <param index="0">
              <value>
                <![CDATA[Samsung]]>
              </value>
            </param>
          </params>
          <reporter-output>
          </reporter-output>
        </test-method> <!-- verifySearchField -->
      </class> <!-- com.qa.opencart.tests.HomePageTest -->
    </test> <!-- HomePageTest -->
  </suite> <!-- Suite -->
</testng-results>
