<?xml version="1.0" encoding="UTF-8"?>
<testng-results ignored="0" total="9" passed="9" failed="0" skipped="0">
  <reporter-output>
  </reporter-output>
  <suite started-at="2026-01-29T15:36:28 IST" name="Suite" finished-at="2026-01-29T15:36:43 IST" duration-ms="14365">
    <groups>
    </groups>
    <test started-at="2026-01-29T15:36:28 IST" name="LoginPageTest" finished-at="2026-01-29T15:36:43 IST" duration-ms="14057">
      <class name="com.qa.opencart.tests.LoginPageTest">
        <test-method is-config="true" signature="setUP()[pri:0, instance:com.qa.opencart.tests.LoginPageTest@5524cca1]" started-at="2026-01-29T15:36:29 IST" name="setUP" finished-at="2026-01-29T15:36:41 IST" duration-ms="12670" status="PASS">
          <reporter-output>
          </reporter-output>
        </test-method> <!-- setUP -->
        <test-method signature="navigateLoginTest()[pri:1, instance:com.qa.opencart.tests.LoginPageTest@5524cca1]" started-at="2026-01-29T15:36:41 IST" name="navigateLoginTest" finished-at="2026-01-29T15:36:42 IST" duration-ms="464" status="PASS">
          <reporter-output>
          </reporter-output>
        </test-method> <!-- navigateLoginTest -->
        <test-method signature="verifyLoginPageTitle()[pri:2, instance:com.qa.opencart.tests.LoginPageTest@5524cca1]" started-at="2026-01-29T15:36:42 IST" name="verifyLoginPageTitle" finished-at="2026-01-29T15:36:42 IST" duration-ms="37" status="PASS">
          <reporter-output>
          </reporter-output>
        </test-method> <!-- verifyLoginPageTitle -->
        <test-method signature="verifyLoginPageURL()[pri:3, instance:com.qa.opencart.tests.LoginPageTest@5524cca1]" started-at="2026-01-29T15:36:42 IST" name="verifyLoginPageURL" finished-at="2026-01-29T15:36:42 IST" duration-ms="3" status="PASS">
          <reporter-output>
          </reporter-output>
        </test-method> <!-- verifyLoginPageURL -->
        <test-method signature="doLogin()[pri:4, instance:com.qa.opencart.tests.LoginPageTest@5524cca1]" started-at="2026-01-29T15:36:42 IST" name="doLogin" finished-at="2026-01-29T15:36:43 IST" duration-ms="579" status="PASS">
          <reporter-output>
          </reporter-output>
        </test-method> <!-- doLogin -->
      </class> <!-- com.qa.opencart.tests.LoginPageTest -->
    </test> <!-- LoginPageTest -->
    <test started-at="2026-01-29T15:36:28 IST" name="HomePageTest" finished-at="2026-01-29T15:36:43 IST" duration-ms="14365">
      <class name="com.qa.opencart.tests.HomePageTest">
        <test-method is-config="true" signature="setUP()[pri:0, instance:com.qa.opencart.tests.HomePageTest@11392934]" started-at="2026-01-29T15:36:29 IST" name="setUP" finished-at="2026-01-29T15:36:41 IST" duration-ms="12680" status="PASS">
          <reporter-output>
          </reporter-output>
        </test-method> <!-- setUP -->
        <test-method signature="verifyHomePageTitle()[pri:1, instance:com.qa.opencart.tests.HomePageTest@11392934]" started-at="2026-01-29T15:36:41 IST" name="verifyHomePageTitle" finished-at="2026-01-29T15:36:41 IST" duration-ms="33" status="PASS">
          <reporter-output>
          </reporter-output>
        </test-method> <!-- verifyHomePageTitle -->
        <test-method signature="verifyHomePageURL()[pri:2, instance:com.qa.opencart.tests.HomePageTest@11392934]" started-at="2026-01-29T15:36:41 IST" name="verifyHomePageURL" finished-at="2026-01-29T15:36:41 IST" duration-ms="2" status="PASS">
          <reporter-output>
          </reporter-output>
        </test-method> <!-- verifyHomePageURL -->
        <test-method signature="verifySearchField(java.lang.String)[pri:3, instance:com.qa.opencart.tests.HomePageTest@11392934]" started-at="2026-01-29T15:36:41 IST" name="verifySearchField" data-provider="getProductData" finished-at="2026-01-29T15:36:42 IST" duration-ms="428" status="PASS">
          <params>
            <param index="0">
              <value>
                <![CDATA[Macbook]]>
              </value>
            </param>
          </params>
          <reporter-output>
          </reporter-output>
        </test-method> <!-- verifySearchField -->
        <test-method signature="verifySearchField(java.lang.String)[pri:3, instance:com.qa.opencart.tests.HomePageTest@11392934]" started-at="2026-01-29T15:36:42 IST" name="verifySearchField" data-provider="getProductData" finished-at="2026-01-29T15:36:42 IST" duration-ms="537" status="PASS">
          <params>
            <param index="0">
              <value>
                <![CDATA[iMac]]>
              </value>
            </param>
          </params>
          <reporter-output>
          </reporter-output>
        </test-method> <!-- verifySearchField -->
        <test-method signature="verifySearchField(java.lang.String)[pri:3, instance:com.qa.opencart.tests.HomePageTest@11392934]" started-at="2026-01-29T15:36:42 IST" name="verifySearchField" data-provider="getProductData" finished-at="2026-01-29T15:36:43 IST" duration-ms="380" status="PASS">
          <params>
            <param index="0">
              <value>
                <![CDATA[Samsung]]>
              </value>
            </param>
          </params>
          <reporter-output>
          </reporter-output>
        </test-method> <!-- verifySearchField -->
      </class> <!-- com.qa.opencart.tests.HomePageTest -->
    </test> <!-- HomePageTest -->
  </suite> <!-- Suite -->
</testng-results>
