<?xml version="1.0" encoding="UTF-8"?>
<!-- Generated by org.testng.reporters.JUnitReportReporter -->
<testsuite hostname="DESKTOP-P2V21AO" failures="0" tests="5" name="com.qa.opencart.tests.HomePageTest" time="1.708" errors="0" timestamp="2026-01-26T11:51:21 IST" skipped="0">
  <testcase classname="com.qa.opencart.tests.HomePageTest" name="verifyHomePageTitle" time="0.015"/>
  <testcase classname="com.qa.opencart.tests.HomePageTest" name="verifyHomePageURL" time="0.002"/>
  <testcase classname="com.qa.opencart.tests.HomePageTest" name="verifySearchField" time="0.566"/>
  <testcase classname="com.qa.opencart.tests.HomePageTest" name="verifySearchField" time="0.680"/>
  <testcase classname="com.qa.opencart.tests.HomePageTest" name="verifySearchField" time="0.445"/>
</testsuite> <!-- com.qa.opencart.tests.HomePageTest -->
