<?xml version="1.0" encoding="UTF-8"?>
<!-- Generated by org.testng.reporters.JUnitReportReporter -->
<testsuite hostname="DESKTOP-P2V21AO" failures="0" tests="4" name="com.qa.opencart.tests.LoginPageTest" time="1.185" errors="0" timestamp="2026-01-26T11:51:21 IST" skipped="0">
  <testcase classname="com.qa.opencart.tests.LoginPageTest" name="navigateLoginTest" time="0.460"/>
  <testcase classname="com.qa.opencart.tests.LoginPageTest" name="verifyLoginPageTitle" time="0.034"/>
  <testcase classname="com.qa.opencart.tests.LoginPageTest" name="verifyLoginPageURL" time="0.004"/>
  <testcase classname="com.qa.opencart.tests.LoginPageTest" name="doLogin" time="0.687"/>
</testsuite> <!-- com.qa.opencart.tests.LoginPageTest -->
