<?xml version="1.0" encoding="UTF-8"?>
<!-- Generated by org.testng.reporters.JUnitXMLReporter -->
<testsuite ignored="0" hostname="DESKTOP-P2V21AO" failures="0" tests="5" name="HomePageTest" time="15.238" errors="0" timestamp="2026-01-27T11:58:08 IST">
  <testcase classname="com.qa.opencart.tests.HomePageTest" name="verifyHomePageTitle" time="0.017"/>
  <testcase classname="com.qa.opencart.tests.HomePageTest" name="verifyHomePageURL" time="0.002"/>
  <testcase classname="com.qa.opencart.tests.HomePageTest" name="verifySearchField" time="0.562"/>
  <testcase classname="com.qa.opencart.tests.HomePageTest" name="verifySearchField" time="0.471"/>
  <testcase classname="com.qa.opencart.tests.HomePageTest" name="verifySearchField" time="0.473"/>
</testsuite> <!-- HomePageTest -->
