<?xml version="1.0" encoding="UTF-8"?>
<!-- Generated by org.testng.reporters.JUnitXMLReporter -->
<testsuite ignored="0" hostname="DESKTOP-P2V21AO" failures="0" tests="4" name="LoginPageTest" time="15.298" errors="0" timestamp="2026-01-27T11:58:08 IST">
  <testcase classname="com.qa.opencart.tests.LoginPageTest" name="navigateLoginTest" time="0.75"/>
  <testcase classname="com.qa.opencart.tests.LoginPageTest" name="verifyLoginPageTitle" time="0.026"/>
  <testcase classname="com.qa.opencart.tests.LoginPageTest" name="verifyLoginPageURL" time="0.003"/>
  <testcase classname="com.qa.opencart.tests.LoginPageTest" name="doLogin" time="0.649"/>
</testsuite> <!-- LoginPageTest -->
